<?xml version="1.0" encoding="UTF-8"?><testsuite errors="0" failures="0" name="io.swagger.petstore.crudtest.PetsCrudTest" skipped="0" tests="4" time="8.58" timestamp="2023-01-03T21:04:44.535Z[Europe/London]"><testcase classname="io.swagger.petstore.crudtest.PetsCrudTest" name="This will create new Pet"/><testcase classname="io.swagger.petstore.crudtest.PetsCrudTest" name="Verify pet was created"/><testcase classname="io.swagger.petstore.crudtest.PetsCrudTest" name="Update the pet info"/><testcase classname="io.swagger.petstore.crudtest.PetsCrudTest" name="Delete the pet"/></testsuite>