<?xml version="1.0" encoding="UTF-8"?><testsuite errors="0" failures="0" name="io.swagger.petstore.crudtest.UsersCrudTest" skipped="0" tests="4" time="2.82" timestamp="2023-01-03T21:04:54.431Z[Europe/London]"><testcase classname="io.swagger.petstore.crudtest.UsersCrudTest" name="This test will Create a new User"/><testcase classname="io.swagger.petstore.crudtest.UsersCrudTest" name="Verify user was added"/><testcase classname="io.swagger.petstore.crudtest.UsersCrudTest" name="Update the user information and verify the updated information"/><testcase classname="io.swagger.petstore.crudtest.UsersCrudTest" name="Verify user was deleted"/></testsuite>